TN:
SF:src/commands/add-transaction-command.ts
FN:16,(anonymous_1)
FN:27,(anonymous_2)
FN:92,(anonymous_3)
FN:113,(anonymous_4)
FN:135,(anonymous_5)
FNF:5
FNH:5
FNDA:37,(anonymous_1)
FNDA:15,(anonymous_2)
FNDA:6,(anonymous_3)
FNDA:1,(anonymous_4)
FNDA:35,(anonymous_5)
DA:7,3
DA:8,3
DA:11,3
DA:13,3
DA:17,37
DA:18,37
DA:28,15
DA:30,15
DA:31,15
DA:32,8
DA:35,7
DA:36,7
DA:37,7
DA:38,7
DA:42,7
DA:43,7
DA:44,7
DA:45,2
DA:48,0
DA:52,5
DA:53,5
DA:54,8
DA:55,8
DA:56,8
DA:58,8
DA:59,0
DA:62,8
DA:69,8
DA:72,5
DA:73,1
DA:77,4
DA:88,4
DA:91,3
DA:92,6
DA:93,3
DA:94,3
DA:96,3
DA:102,3
DA:104,1
DA:114,1
DA:136,35
DA:138,35
DA:139,2
DA:142,35
DA:143,2
DA:146,35
DA:147,2
DA:150,35
DA:151,33
DA:152,54
DA:153,54
DA:154,8
DA:156,54
DA:157,6
DA:162,35
LF:55
LH:53
BRDA:31,0,0,8
BRDA:44,1,0,2
BRDA:56,2,0,8
BRDA:56,2,1,8
BRDA:58,3,0,0
BRDA:58,4,0,8
BRDA:58,4,1,8
BRDA:72,5,0,1
BRDA:92,6,0,6
BRDA:92,6,1,0
BRDA:93,7,0,3
BRDA:93,7,1,0
BRDA:94,8,0,3
BRDA:94,8,1,0
BRDA:138,9,0,2
BRDA:142,10,0,2
BRDA:146,11,0,2
BRDA:146,12,0,35
BRDA:146,12,1,33
BRDA:150,13,0,33
BRDA:150,14,0,35
BRDA:150,14,1,33
BRDA:153,15,0,8
BRDA:156,16,0,6
BRF:24
BRH:20
end_of_record
TN:
SF:src/commands/base-command.ts
FN:31,(anonymous_0)
FN:45,(anonymous_1)
FN:60,(anonymous_2)
FNF:3
FNH:3
FNDA:2,(anonymous_0)
FNDA:54,(anonymous_1)
FNDA:34,(anonymous_2)
DA:9,11
DA:32,2
DA:35,2
DA:46,54
DA:61,34
LF:5
LH:5
BRF:0
BRH:0
end_of_record
TN:
SF:src/commands/command-factory.ts
FN:26,(anonymous_0)
FN:51,(anonymous_1)
FN:70,(anonymous_2)
FNF:3
FNH:3
FNDA:6,(anonymous_0)
FNDA:10,(anonymous_1)
FNDA:9,(anonymous_2)
DA:9,2
DA:10,2
DA:11,2
DA:12,2
DA:13,2
DA:14,2
DA:15,2
DA:16,2
DA:18,2
DA:27,6
DA:38,6
DA:39,6
DA:40,4
DA:43,2
DA:52,10
DA:71,9
LF:16
LH:16
BRDA:39,0,0,4
BRF:1
BRH:1
end_of_record
TN:
SF:src/commands/config-command.ts
FN:14,(anonymous_1)
FN:25,(anonymous_2)
FN:55,(anonymous_3)
FN:76,(anonymous_4)
FN:109,(anonymous_5)
FN:128,(anonymous_6)
FN:139,(anonymous_7)
FN:161,(anonymous_8)
FN:172,(anonymous_9)
FN:199,(anonymous_10)
FNF:10
FNH:10
FNDA:14,(anonymous_1)
FNDA:13,(anonymous_2)
FNDA:2,(anonymous_3)
FNDA:5,(anonymous_4)
FNDA:2,(anonymous_5)
FNDA:1,(anonymous_6)
FNDA:1,(anonymous_7)
FNDA:1,(anonymous_8)
FNDA:10,(anonymous_9)
FNDA:1,(anonymous_10)
DA:7,3
DA:8,3
DA:9,3
DA:11,3
DA:15,14
DA:16,14
DA:26,13
DA:27,13
DA:28,13
DA:29,13
DA:31,13
DA:33,2
DA:35,5
DA:37,2
DA:39,1
DA:41,1
DA:43,1
DA:45,1
DA:48,0
DA:56,2
DA:57,1
DA:58,1
DA:59,1
DA:61,1
DA:63,0
DA:67,1
DA:68,1
DA:69,1
DA:77,5
DA:78,1
DA:81,4
DA:82,1
DA:86,3
DA:87,3
DA:89,3
DA:90,1
DA:91,2
DA:92,1
DA:96,3
DA:97,3
DA:99,3
DA:103,3
DA:110,2
DA:111,1
DA:114,1
DA:115,1
DA:116,0
DA:119,1
DA:122,1
DA:129,1
DA:130,1
DA:133,1
DA:140,1
DA:142,1
DA:143,1
DA:145,1
DA:147,0
DA:150,0
DA:151,0
DA:154,0
DA:162,1
DA:163,1
DA:166,1
DA:173,10
DA:174,10
DA:176,10
DA:177,40
DA:178,9
DA:179,9
DA:180,31
DA:181,4
DA:182,4
DA:183,0
DA:186,27
DA:187,27
DA:191,10
DA:200,1
LF:77
LH:69
BRDA:27,0,0,13
BRDA:27,0,1,1
BRDA:31,1,0,2
BRDA:31,1,1,5
BRDA:31,1,2,2
BRDA:31,1,3,1
BRDA:31,1,4,1
BRDA:31,1,5,1
BRDA:31,1,6,1
BRDA:56,2,0,1
BRDA:56,2,1,1
BRDA:58,3,0,1
BRDA:58,3,1,0
BRDA:77,4,0,1
BRDA:81,5,0,1
BRDA:87,6,0,3
BRDA:89,7,0,1
BRDA:89,7,1,2
BRDA:91,8,0,1
BRDA:91,9,0,2
BRDA:91,9,1,2
BRDA:110,10,0,1
BRDA:115,11,0,0
BRDA:142,12,0,1
BRDA:142,12,1,0
BRDA:172,13,0,1
BRDA:177,14,0,9
BRDA:177,14,1,31
BRDA:177,15,0,40
BRDA:177,15,1,13
BRDA:177,15,2,13
BRDA:180,16,0,4
BRDA:180,16,1,27
BRDA:186,17,0,14
BRDA:186,17,1,13
BRF:35
BRH:32
end_of_record
TN:
SF:src/commands/help-command.ts
FN:17,(anonymous_1)
FN:72,(anonymous_2)
FNF:2
FNH:2
FNDA:5,(anonymous_1)
FNDA:3,(anonymous_2)
DA:7,3
DA:8,3
DA:10,3
DA:18,5
DA:64,5
DA:73,3
LF:6
LH:6
BRF:0
BRH:0
end_of_record
TN:
SF:src/commands/list-accounts-command.ts
FN:14,(anonymous_1)
FN:25,(anonymous_2)
FN:66,(anonymous_3)
FN:80,(anonymous_4)
FNF:4
FNH:4
FNDA:12,(anonymous_1)
FNDA:5,(anonymous_2)
FNDA:13,(anonymous_3)
FNDA:1,(anonymous_4)
DA:7,3
DA:9,3
DA:11,3
DA:15,12
DA:16,12
DA:26,5
DA:27,5
DA:29,4
DA:30,1
DA:34,3
DA:35,3
DA:36,7
DA:37,7
DA:38,7
DA:40,7
DA:44,3
DA:46,3
DA:47,7
DA:48,7
DA:49,7
DA:51,7
DA:54,3
DA:56,1
DA:67,13
DA:68,10
DA:69,8
DA:70,6
DA:71,4
DA:72,2
DA:81,1
LF:30
LH:30
BRDA:29,0,0,1
BRDA:37,1,0,7
BRDA:67,2,0,3
BRDA:68,3,0,2
BRDA:69,4,0,2
BRDA:70,5,0,2
BRDA:71,6,0,2
BRF:7
BRH:7
end_of_record
TN:
SF:src/commands/list-transactions-command.ts
FN:15,(anonymous_1)
FN:26,(anonymous_2)
FN:103,(anonymous_3)
FNF:3
FNH:3
FNDA:21,(anonymous_1)
FNDA:19,(anonymous_2)
FNDA:1,(anonymous_3)
DA:7,3
DA:8,3
DA:10,3
DA:12,3
DA:16,21
DA:17,21
DA:27,19
DA:32,19
DA:33,4
DA:34,4
DA:35,4
DA:36,2
DA:39,0
DA:43,17
DA:44,4
DA:45,4
DA:46,4
DA:47,2
DA:50,0
DA:55,15
DA:57,14
DA:58,1
DA:62,13
DA:64,13
DA:65,13
DA:66,13
DA:67,11
DA:68,11
DA:70,11
DA:71,1
DA:74,11
DA:75,15
DA:76,14
DA:77,14
DA:78,14
DA:79,14
DA:80,14
DA:84,9
DA:85,1
DA:88,9
DA:92,11
DA:94,3
DA:104,1
LF:43
LH:41
BRDA:32,0,0,4
BRDA:35,1,0,2
BRDA:43,2,0,4
BRDA:46,3,0,2
BRDA:57,4,0,1
BRDA:66,5,0,11
BRDA:70,6,0,1
BRDA:75,7,0,14
BRDA:78,8,0,7
BRDA:78,8,1,7
BRDA:79,9,0,7
BRDA:79,9,1,7
BRDA:84,10,0,1
BRF:13
BRH:13
end_of_record
TN:
SF:src/commands/show-balance-command.ts
FN:15,(anonymous_1)
FN:26,(anonymous_2)
FN:73,(anonymous_3)
FNF:3
FNH:3
FNDA:14,(anonymous_1)
FNDA:12,(anonymous_2)
FNDA:1,(anonymous_3)
DA:7,3
DA:8,3
DA:10,3
DA:12,3
DA:16,14
DA:17,14
DA:27,12
DA:28,12
DA:29,12
DA:32,12
DA:33,4
DA:34,4
DA:35,4
DA:36,2
DA:39,0
DA:44,10
DA:46,9
DA:47,1
DA:51,8
DA:53,8
DA:54,11
DA:55,11
DA:56,11
DA:57,11
DA:59,11
DA:62,8
DA:64,1
DA:74,1
LF:28
LH:27
BRDA:32,0,0,4
BRDA:35,1,0,2
BRDA:46,2,0,1
BRDA:56,3,0,9
BRDA:56,3,1,2
BRDA:57,4,0,9
BRDA:57,4,1,2
BRF:7
BRH:7
end_of_record
TN:
SF:src/commands/show-networth-command.ts
FN:15,(anonymous_1)
FN:26,(anonymous_2)
FN:79,(anonymous_3)
FNF:3
FNH:3
FNDA:9,(anonymous_1)
FNDA:8,(anonymous_2)
FNDA:1,(anonymous_3)
DA:7,3
DA:8,3
DA:10,3
DA:12,3
DA:16,9
DA:17,9
DA:27,8
DA:28,8
DA:31,8
DA:32,2
DA:33,2
DA:34,2
DA:35,1
DA:38,0
DA:43,7
DA:45,6
DA:46,1
DA:50,5
DA:51,5
DA:52,5
DA:54,5
DA:56,5
DA:57,5
DA:58,5
DA:60,5
DA:61,5
DA:62,5
DA:64,5
DA:65,1
DA:68,5
DA:70,1
DA:80,1
LF:32
LH:31
BRDA:31,0,0,2
BRDA:34,1,0,1
BRDA:45,2,0,1
BRDA:50,3,0,5
BRDA:50,3,1,1
BRDA:51,4,0,5
BRDA:51,4,1,1
BRDA:52,5,0,5
BRDA:52,5,1,1
BRDA:60,6,0,4
BRDA:60,6,1,1
BRDA:61,7,0,4
BRDA:61,7,1,1
BRDA:64,8,0,1
BRF:14
BRH:14
end_of_record
TN:
SF:src/commands/validate-command.ts
FN:14,(anonymous_1)
FN:25,(anonymous_2)
FN:56,(anonymous_3)
FNF:3
FNH:3
FNDA:7,(anonymous_1)
FNDA:6,(anonymous_2)
FNDA:1,(anonymous_3)
DA:7,3
DA:9,3
DA:11,3
DA:15,7
DA:16,7
DA:26,6
DA:28,6
DA:29,5
DA:31,5
DA:32,3
DA:38,3
DA:40,2
DA:44,2
DA:47,1
DA:57,1
LF:15
LH:15
BRDA:29,0,0,5
BRDA:29,0,1,3
BRDA:31,1,0,3
BRDA:31,1,1,2
BRF:4
BRH:4
end_of_record
TN:
SF:src/engine/beancount-engine.ts
FN:18,(anonymous_0)
FN:26,(anonymous_1)
FN:49,(anonymous_2)
FN:56,(anonymous_3)
FN:81,(anonymous_4)
FN:104,(anonymous_5)
FN:138,(anonymous_6)
FN:141,(anonymous_7)
FN:153,(anonymous_8)
FN:161,(anonymous_9)
FN:169,(anonymous_10)
FN:192,(anonymous_11)
FN:209,(anonymous_12)
FN:236,(anonymous_13)
FN:265,(anonymous_14)
FN:296,(anonymous_15)
FN:332,(anonymous_16)
FN:344,(anonymous_17)
FN:376,(anonymous_18)
FN:404,(anonymous_19)
FNF:20
FNH:20
FNDA:42,(anonymous_0)
FNDA:43,(anonymous_1)
FNDA:1,(anonymous_2)
FNDA:11,(anonymous_3)
FNDA:18,(anonymous_4)
FNDA:11,(anonymous_5)
FNDA:8,(anonymous_6)
FNDA:4,(anonymous_7)
FNDA:8,(anonymous_8)
FNDA:8,(anonymous_9)
FNDA:6,(anonymous_10)
FNDA:2,(anonymous_11)
FNDA:18,(anonymous_12)
FNDA:2,(anonymous_13)
FNDA:2,(anonymous_14)
FNDA:2,(anonymous_15)
FNDA:6,(anonymous_16)
FNDA:6,(anonymous_17)
FNDA:39,(anonymous_18)
FNDA:6,(anonymous_19)
DA:7,4
DA:8,4
DA:10,4
DA:12,4
DA:14,42
DA:15,42
DA:19,42
DA:20,42
DA:27,43
DA:28,43
DA:29,2
DA:32,41
DA:33,39
DA:36,39
DA:38,39
DA:39,2
DA:42,4
DA:50,1
DA:57,11
DA:59,11
DA:60,17
DA:61,7
DA:62,7
DA:63,7
DA:64,7
DA:70,7
DA:75,11
DA:82,18
DA:83,18
DA:85,18
DA:87,10
DA:89,3
DA:91,1
DA:93,1
DA:95,2
DA:97,1
DA:105,11
DA:107,11
DA:108,16
DA:110,10
DA:111,1
DA:113,9
DA:114,1
DA:118,8
DA:128,8
DA:132,11
DA:140,8
DA:141,4
DA:147,6
DA:155,8
DA:163,8
DA:171,6
DA:172,6
DA:173,1
DA:177,5
DA:185,5
DA:186,5
DA:193,2
DA:194,2
DA:195,2
DA:198,1
DA:199,1
DA:200,1
DA:203,1
DA:210,18
DA:211,18
DA:213,18
DA:214,29
DA:215,22
DA:216,2
DA:219,20
DA:220,14
DA:225,14
DA:230,18
DA:237,2
DA:238,2
DA:240,2
DA:241,2
DA:243,2
DA:244,2
DA:245,2
DA:247,2
DA:248,1
DA:249,1
DA:250,1
DA:254,2
DA:266,2
DA:268,2
DA:269,2
DA:271,2
DA:272,2
DA:273,4
DA:274,4
DA:276,4
DA:277,1
DA:278,3
DA:279,1
DA:284,2
DA:297,2
DA:298,2
DA:300,2
DA:301,2
DA:302,2
DA:304,2
DA:305,5
DA:306,5
DA:308,5
DA:310,2
DA:311,2
DA:313,2
DA:314,2
DA:316,1
DA:317,1
DA:321,2
DA:333,6
DA:334,6
DA:335,6
DA:337,1
DA:345,6
DA:347,6
DA:348,11
DA:349,6
DA:358,6
DA:359,5
DA:360,2
DA:361,2
DA:362,3
DA:363,1
DA:364,1
DA:367,11
DA:370,6
DA:377,39
DA:379,39
DA:380,60
DA:381,20
DA:391,20
DA:392,20
DA:393,2
DA:398,39
DA:405,6
DA:406,6
DA:407,6
DA:409,6
LF:143
LH:143
BRDA:28,0,0,2
BRDA:38,1,0,2
BRDA:60,2,0,7
BRDA:62,3,0,7
BRDA:68,4,0,7
BRDA:68,4,1,0
BRDA:85,5,0,10
BRDA:85,5,1,3
BRDA:85,5,2,1
BRDA:85,5,3,1
BRDA:85,5,4,2
BRDA:85,5,5,1
BRDA:108,6,0,10
BRDA:110,7,0,1
BRDA:110,8,0,10
BRDA:110,8,1,4
BRDA:113,9,0,1
BRDA:113,10,0,9
BRDA:113,10,1,4
BRDA:121,11,0,8
BRDA:121,11,1,0
BRDA:125,12,0,8
BRDA:125,12,1,0
BRDA:140,13,0,2
BRDA:140,14,0,8
BRDA:140,14,1,2
BRDA:142,15,0,4
BRDA:142,15,1,0
BRDA:144,16,0,4
BRDA:144,16,1,4
BRDA:172,17,0,1
BRDA:195,18,0,1
BRDA:195,19,0,2
BRDA:195,19,1,2
BRDA:195,19,2,2
BRDA:195,19,3,2
BRDA:211,20,0,18
BRDA:211,20,1,10
BRDA:214,21,0,22
BRDA:215,22,0,2
BRDA:215,23,0,22
BRDA:215,23,1,6
BRDA:219,24,0,14
BRDA:219,25,0,20
BRDA:219,25,1,18
BRDA:221,26,0,14
BRDA:221,26,1,0
BRDA:237,27,0,2
BRDA:237,27,1,2
BRDA:247,28,0,1
BRDA:247,28,1,1
BRDA:249,29,0,1
BRDA:274,30,0,4
BRDA:274,30,1,0
BRDA:276,31,0,1
BRDA:276,31,1,3
BRDA:278,32,0,1
BRDA:297,33,0,2
BRDA:297,33,1,2
BRDA:308,34,0,2
BRDA:308,34,1,2
BRDA:308,34,2,1
BRDA:348,35,0,6
BRDA:348,35,1,5
BRDA:352,36,0,6
BRDA:352,36,1,0
BRDA:356,37,0,6
BRDA:356,37,1,0
BRDA:359,38,0,2
BRDA:359,38,1,3
BRDA:359,39,0,5
BRDA:359,39,1,3
BRDA:362,40,0,1
BRDA:362,41,0,3
BRDA:362,41,1,2
BRDA:380,42,0,20
BRDA:384,43,0,20
BRDA:384,43,1,0
BRDA:388,44,0,20
BRDA:388,44,1,0
BRDA:392,45,0,2
BRF:81
BRH:71
end_of_record
TN:
SF:src/utils/command-parser.ts
FN:19,(anonymous_0)
FN:46,(anonymous_1)
FN:103,(anonymous_2)
FN:154,(anonymous_3)
FN:228,(anonymous_4)
FN:238,(anonymous_5)
FN:260,(anonymous_6)
FN:281,(anonymous_7)
FNF:8
FNH:8
FNDA:48,(anonymous_0)
FNDA:41,(anonymous_1)
FNDA:39,(anonymous_2)
FNDA:6,(anonymous_3)
FNDA:19,(anonymous_4)
FNDA:16,(anonymous_5)
FNDA:19,(anonymous_6)
FNDA:1,(anonymous_7)
DA:12,1
DA:20,48
DA:21,3
DA:25,45
DA:28,45
DA:29,45
DA:30,4
DA:33,41
DA:34,41
DA:35,41
DA:37,41
DA:47,41
DA:49,41
DA:50,2
DA:54,39
DA:55,39
DA:56,39
DA:57,39
DA:59,39
DA:60,974
DA:61,974
DA:62,37
DA:63,37
DA:64,37
DA:65,937
DA:66,37
DA:67,37
DA:68,37
DA:69,900
DA:70,29
DA:71,29
DA:72,29
DA:75,871
DA:79,39
DA:80,39
DA:83,39
DA:84,68
DA:85,68
DA:86,40
DA:87,40
DA:88,40
DA:89,39
DA:94,39
DA:105,39
DA:107,5
DA:111,34
DA:112,12
DA:113,12
DA:115,6
DA:120,22
DA:121,1
DA:122,1
DA:124,1
DA:129,21
DA:130,1
DA:132,20
DA:133,1
DA:137,19
DA:138,4
DA:139,1
DA:141,3
DA:145,15
DA:155,6
DA:157,6
DA:159,6
DA:160,0
DA:164,6
DA:165,6
DA:166,6
DA:167,6
DA:168,6
DA:170,6
DA:171,79
DA:172,4
DA:173,4
DA:174,4
DA:175,75
DA:176,4
DA:177,4
DA:178,4
DA:179,71
DA:180,2
DA:181,2
DA:182,69
DA:183,2
DA:184,2
DA:185,67
DA:186,1
DA:187,1
DA:189,66
DA:194,6
DA:195,5
DA:199,6
DA:200,6
DA:201,6
DA:204,6
DA:205,2
DA:206,2
DA:207,0
DA:209,2
DA:212,4
DA:216,6
DA:218,0
DA:229,19
DA:239,16
DA:251,16
DA:261,19
DA:273,19
DA:282,1
DA:294,1
DA:296,1
DA:297,9
DA:298,9
DA:299,9
DA:303,1
DA:304,1
DA:305,1
DA:306,1
DA:307,1
DA:308,1
DA:310,1
LF:121
LH:118
BRDA:20,0,0,3
BRDA:20,1,0,48
BRDA:20,1,1,46
BRDA:25,2,0,44
BRDA:25,2,1,1
BRDA:29,3,0,4
BRDA:49,4,0,2
BRDA:61,5,0,37
BRDA:61,5,1,937
BRDA:61,6,0,974
BRDA:61,6,1,904
BRDA:61,6,2,74
BRDA:65,7,0,37
BRDA:65,7,1,900
BRDA:65,8,0,937
BRDA:65,8,1,37
BRDA:69,9,0,29
BRDA:69,9,1,871
BRDA:69,10,0,900
BRDA:69,10,1,36
BRDA:70,11,0,29
BRDA:79,12,0,39
BRDA:85,13,0,40
BRDA:88,14,0,39
BRDA:88,15,0,40
BRDA:88,15,1,40
BRDA:105,16,0,5
BRDA:105,17,0,39
BRDA:105,17,1,5
BRDA:105,17,2,34
BRDA:105,17,3,0
BRDA:111,18,0,12
BRDA:111,19,0,34
BRDA:111,19,1,25
BRDA:120,20,0,1
BRDA:120,21,0,22
BRDA:120,21,1,1
BRDA:129,22,0,1
BRDA:132,23,0,1
BRDA:137,24,0,4
BRDA:138,25,0,1
BRDA:138,25,1,3
BRDA:159,26,0,0
BRDA:171,27,0,4
BRDA:171,27,1,75
BRDA:171,28,0,79
BRDA:171,28,1,73
BRDA:171,28,2,8
BRDA:175,29,0,4
BRDA:175,29,1,71
BRDA:175,30,0,75
BRDA:175,30,1,4
BRDA:179,31,0,2
BRDA:179,31,1,69
BRDA:179,32,0,71
BRDA:179,32,1,2
BRDA:182,33,0,2
BRDA:182,33,1,67
BRDA:182,34,0,69
BRDA:182,34,1,2
BRDA:185,35,0,1
BRDA:185,35,1,66
BRDA:185,36,0,67
BRDA:185,36,1,3
BRDA:185,36,2,3
BRDA:194,37,0,5
BRDA:204,38,0,2
BRDA:204,38,1,4
BRDA:204,39,0,6
BRDA:204,39,1,2
BRDA:229,40,0,19
BRDA:229,40,1,4
BRDA:273,41,0,19
BRDA:273,41,1,1
BRDA:298,42,0,9
BRF:75
BRH:73
end_of_record
TN:
SF:src/utils/config-manager.ts
FN:69,(anonymous_9)
FN:78,(anonymous_10)
FN:88,(anonymous_11)
FN:95,(anonymous_12)
FN:113,(anonymous_13)
FN:136,(anonymous_14)
FN:154,(anonymous_15)
FN:161,(anonymous_16)
FN:169,(anonymous_17)
FN:227,(anonymous_18)
FN:245,(anonymous_19)
FN:269,(anonymous_20)
FN:304,(anonymous_21)
FN:314,(anonymous_22)
FN:321,(anonymous_23)
FNF:15
FNH:14
FNDA:26,(anonymous_9)
FNDA:28,(anonymous_10)
FNDA:1,(anonymous_11)
FNDA:7,(anonymous_12)
FNDA:6,(anonymous_13)
FNDA:29,(anonymous_14)
FNDA:0,(anonymous_15)
FNDA:26,(anonymous_16)
FNDA:26,(anonymous_17)
FNDA:26,(anonymous_18)
FNDA:294,(anonymous_19)
FNDA:4,(anonymous_20)
FNDA:2,(anonymous_21)
FNDA:1,(anonymous_22)
FNDA:4,(anonymous_23)
DA:7,4
DA:8,4
DA:9,4
DA:64,4
DA:70,26
DA:71,26
DA:72,26
DA:79,28
DA:80,26
DA:82,28
DA:89,1
DA:96,7
DA:97,7
DA:99,7
DA:100,14
DA:101,12
DA:103,2
DA:107,5
DA:114,6
DA:115,6
DA:117,6
DA:118,7
DA:119,7
DA:120,2
DA:122,7
DA:123,7
DA:127,6
DA:128,6
DA:129,6
DA:137,29
DA:138,29
DA:139,29
DA:140,29
DA:144,29
DA:145,29
DA:147,1
DA:155,0
DA:162,26
DA:163,26
DA:170,26
DA:228,26
DA:229,26
DA:230,0
DA:231,0
DA:232,0
DA:235,26
DA:238,0
DA:246,294
DA:247,294
DA:249,294
DA:250,1193
DA:251,262
DA:252,262
DA:253,931
DA:254,117
DA:255,117
DA:256,408
DA:259,814
DA:263,294
DA:270,4
DA:271,4
DA:273,4
DA:274,7
DA:275,7
DA:277,5
DA:278,5
DA:280,3
DA:281,3
DA:283,3
DA:285,1
DA:286,2
DA:288,0
DA:289,0
DA:291,0
DA:294,2
DA:298,4
DA:305,2
DA:306,1
DA:308,1
DA:315,1
DA:322,4
DA:325,4
DA:326,1
DA:329,4
DA:330,1
DA:333,4
DA:334,2
DA:337,4
LF:88
LH:80
BRDA:79,0,0,26
BRDA:100,1,0,12
BRDA:100,1,1,2
BRDA:100,2,0,14
BRDA:100,2,1,14
BRDA:100,2,2,14
BRDA:100,2,3,14
BRDA:119,3,0,2
BRDA:119,4,0,7
BRDA:119,4,1,7
BRDA:119,4,2,5
BRDA:122,5,0,7
BRDA:128,6,0,6
BRDA:139,7,0,29
BRDA:229,8,0,0
BRDA:229,8,1,26
BRDA:245,9,0,32
BRDA:250,10,0,262
BRDA:250,10,1,931
BRDA:250,11,0,1193
BRDA:250,11,1,379
BRDA:250,11,2,379
BRDA:253,12,0,117
BRDA:253,12,1,814
BRDA:275,13,0,2
BRDA:275,14,0,7
BRDA:275,14,1,6
BRDA:278,15,0,2
BRDA:283,16,0,1
BRDA:283,16,1,2
BRDA:286,17,0,0
BRDA:286,17,1,2
BRDA:288,18,0,0
BRDA:305,19,0,1
BRDA:325,20,0,1
BRDA:329,21,0,1
BRDA:333,22,0,2
BRF:37
BRH:34
end_of_record
TN:
SF:src/utils/parser.ts
FN:17,(anonymous_0)
FN:48,(anonymous_1)
FN:88,(anonymous_2)
FN:125,(anonymous_3)
FN:146,(anonymous_4)
FN:178,(anonymous_5)
FN:208,(anonymous_6)
FN:252,(anonymous_7)
FN:262,(anonymous_8)
FN:267,(anonymous_9)
FN:287,(anonymous_10)
FNF:11
FNH:11
FNDA:4,(anonymous_0)
FNDA:17,(anonymous_1)
FNDA:14,(anonymous_2)
FNDA:9,(anonymous_3)
FNDA:9,(anonymous_4)
FNDA:4,(anonymous_5)
FNDA:19,(anonymous_6)
FNDA:8,(anonymous_7)
FNDA:6,(anonymous_8)
FNDA:3,(anonymous_9)
FNDA:13,(anonymous_10)
DA:7,5
DA:10,5
DA:18,4
DA:19,4
DA:21,4
DA:22,11
DA:24,11
DA:25,6
DA:28,5
DA:29,5
DA:30,5
DA:31,4
DA:38,4
DA:50,17
DA:51,17
DA:52,9
DA:55,8
DA:56,8
DA:57,0
DA:60,8
DA:63,8
DA:64,3
DA:68,5
DA:69,3
DA:73,2
DA:74,0
DA:77,2
DA:89,14
DA:90,14
DA:95,14
DA:96,14
DA:97,10
DA:98,10
DA:99,10
DA:100,10
DA:101,10
DA:102,4
DA:107,14
DA:126,9
DA:127,9
DA:128,9
DA:130,9
DA:147,9
DA:148,9
DA:149,9
DA:150,9
DA:155,9
DA:156,5
DA:162,9
DA:179,4
DA:181,4
DA:182,11
DA:183,11
DA:185,11
DA:186,2
DA:190,9
DA:191,8
DA:192,8
DA:193,8
DA:198,4
DA:209,19
DA:210,19
DA:211,2
DA:214,17
DA:215,17
DA:219,17
DA:221,13
DA:222,13
DA:223,13
DA:224,13
DA:229,4
DA:231,3
DA:234,17
DA:239,17
DA:240,13
DA:243,17
DA:253,8
DA:254,8
DA:255,8
DA:256,8
DA:258,8
DA:261,8
DA:262,6
DA:266,8
DA:267,3
DA:271,8
DA:272,9
DA:273,9
DA:274,8
DA:278,8
DA:288,13
DA:290,13
DA:291,1
DA:294,13
DA:295,3
DA:298,13
DA:299,4
DA:303,13
DA:304,13
DA:305,17
DA:306,15
DA:310,13
DA:311,2
DA:314,13
LF:104
LH:102
BRDA:22,0,0,11
BRDA:22,0,1,5
BRDA:24,1,0,6
BRDA:24,2,0,11
BRDA:24,2,1,6
BRDA:30,3,0,4
BRDA:51,4,0,9
BRDA:56,5,0,0
BRDA:63,6,0,3
BRDA:63,7,0,8
BRDA:63,7,1,5
BRDA:68,8,0,3
BRDA:68,9,0,5
BRDA:68,9,1,2
BRDA:73,10,0,0
BRDA:95,11,0,14
BRDA:95,11,1,0
BRDA:96,12,0,10
BRDA:98,13,0,10
BRDA:101,14,0,4
BRDA:101,15,0,10
BRDA:101,15,1,4
BRDA:112,16,0,14
BRDA:112,16,1,4
BRDA:131,17,0,9
BRDA:131,17,1,0
BRDA:133,18,0,9
BRDA:133,18,1,3
BRDA:155,19,0,5
BRDA:155,20,0,9
BRDA:155,20,1,6
BRDA:182,21,0,11
BRDA:182,21,1,1
BRDA:185,22,0,2
BRDA:185,23,0,11
BRDA:185,23,1,10
BRDA:190,24,0,8
BRDA:190,25,0,9
BRDA:190,25,1,1
BRDA:192,26,0,8
BRDA:210,27,0,2
BRDA:219,28,0,13
BRDA:219,28,1,4
BRDA:223,29,0,13
BRDA:223,30,0,13
BRDA:223,30,1,13
BRDA:229,31,0,3
BRDA:235,32,0,17
BRDA:235,32,1,0
BRDA:239,33,0,13
BRDA:255,34,0,1
BRDA:255,34,1,7
BRDA:256,35,0,8
BRDA:256,35,1,0
BRDA:261,36,0,3
BRDA:266,37,0,3
BRDA:273,38,0,8
BRDA:290,39,0,1
BRDA:294,40,0,3
BRDA:298,41,0,4
BRDA:305,42,0,15
BRDA:310,43,0,2
BRF:62
BRH:56
end_of_record
